<?xml version="1.0" encoding="UTF-8"?>
<!-- Generated by org.testng.reporters.JUnitReportReporter -->
<testsuite skipped="0" hostname="MSI" name="com.tester.buyagift_project.A_Find_BestSeller_Hotel" tests="2" failures="0" timestamp="17 May 2022 12:18:56 GMT" time="5.149" errors="0">
  <testcase name="searchHotel" time="4.868" classname="com.tester.buyagift_project.A_Find_BestSeller_Hotel"/>
  <testcase name="verifyFirstResult" time="0.281" classname="com.tester.buyagift_project.A_Find_BestSeller_Hotel"/>
</testsuite> <!-- com.tester.buyagift_project.A_Find_BestSeller_Hotel -->
