<?xml version="1.0" encoding="UTF-8"?>
<!-- Generated by org.testng.reporters.JUnitReportReporter -->
<testsuite skipped="0" hostname="MSI" name="com.tester.buyagift_project.London_Spa" tests="2" failures="0" timestamp="17 May 2022 19:14:19 GMT" time="14.841" errors="0">
  <testcase name="selectLondon" time="14.638" classname="com.tester.buyagift_project.London_Spa"/>
  <testcase name="validateLondonSpa" time="0.203" classname="com.tester.buyagift_project.London_Spa"/>
</testsuite> <!-- com.tester.buyagift_project.London_Spa -->
