<?xml version="1.0" encoding="UTF-8"?>
<!-- Generated by org.testng.reporters.JUnitReportReporter -->
<testsuite skipped="0" hostname="MSI" name="com.tester.buyagift_project.Location_Spa" tests="2" failures="0" timestamp="19 May 2022 08:46:03 GMT" time="6.035" errors="0">
  <testcase name="TestCase03_1_selectLocation" time="5.464" classname="com.tester.buyagift_project.Location_Spa"/>
  <testcase name="TestCase03_2_validateLocationSpaDetails" time="0.571" classname="com.tester.buyagift_project.Location_Spa"/>
</testsuite> <!-- com.tester.buyagift_project.Location_Spa -->
