<?xml version="1.0" encoding="UTF-8"?>
<!-- Generated by org.testng.reporters.JUnitReportReporter -->
<testsuite skipped="0" hostname="MSI" name="com.tester.buyagift_project.BestSeller_Hotel" tests="3" failures="0" timestamp="19 May 2022 08:45:30 GMT" time="32.897" errors="0">
  <testcase name="TestCase01_verifyBestSellerResult" time="12.366" classname="com.tester.buyagift_project.BestSeller_Hotel"/>
  <testcase name="TestCase02_1_verifyNameAndPriceOnProductPage" time="7.078" classname="com.tester.buyagift_project.BestSeller_Hotel"/>
  <testcase name="TestCase02_2_validatePaymentTotal" time="13.453" classname="com.tester.buyagift_project.BestSeller_Hotel"/>
</testsuite> <!-- com.tester.buyagift_project.BestSeller_Hotel -->
